2025-03-28 17:11:58,277 - masks - INFO: Маскированный номер карты: 1234 56** **** 5678.
2025-03-28 17:11:58,279 - masks - INFO: Маскированный номер карты: 4111 11** **** 1111.
2025-03-28 17:11:58,280 - masks - INFO: Маскированный номер карты: 0000 00** **** 0000.
2025-03-28 17:11:58,281 - masks - INFO: Маскированный номер карты: 1234 56** **** 5678.
2025-03-28 17:11:58,283 - masks - ERROR: Неправильно введён номер карты: значение None.
2025-03-28 17:11:58,284 - masks - ERROR: Неправильно введён номер карты: 1234.
2025-03-28 17:11:58,286 - masks - ERROR: Неправильно введён номер карты: .
2025-03-28 17:11:58,287 - masks - ERROR: Неправильно введён номер карты: abcd.
2025-03-28 17:11:58,288 - masks - ERROR: Неправильно введён номер карты: 1234abcd.
2025-03-28 17:11:58,289 - masks - ERROR: Неправильно введён номер карты: 12345678901234567890.
2025-03-28 17:11:58,291 - masks - ERROR: Неправильно введён номер карты: значение None.
2025-03-28 17:11:58,292 - masks - INFO: Маскированный номер счета: **7890.
2025-03-28 17:11:58,292 - masks - INFO: Маскированный номер счета: **3210.
2025-03-28 17:11:58,293 - masks - ERROR: Неправильно введён номер счета: 12345.
2025-03-28 17:11:58,293 - masks - ERROR: Неправильно введён номер счета: 123456.
2025-03-28 17:11:58,294 - masks - ERROR: Неправильно введён номер счета: 123456A890.
2025-03-28 17:11:58,294 - masks - ERROR: Неправильно введён номер счета: A1234567890.
2025-03-28 17:11:58,294 - masks - ERROR: Неправильно введён номер счета: 1234-567890.
2025-03-28 17:11:58,295 - masks - ERROR: Неправильно введён номер счета: значение None.
2025-03-28 17:11:58,295 - masks - ERROR: Неправильно введён номер счета: .
2025-03-28 17:11:58,329 - masks - INFO: Маскированный номер карты: 1596 83** **** 5199.
2025-03-28 17:11:58,329 - masks - INFO: Маскированный номер карты: 1596 83** **** 5199.
2025-03-28 17:11:58,330 - masks - ERROR: Неправильно введён номер счета: 9589.
2025-03-28 17:11:58,331 - masks - ERROR: Неправильно введён номер карты: 715830073472346758.
2025-03-28 17:11:58,332 - masks - INFO: Маскированный номер счета: **8768.
2025-03-28 17:11:58,332 - masks - INFO: Маскированный номер счета: **8768.
2025-03-28 17:11:58,333 - masks - ERROR: Неправильно введён номер счета: 1234.
2025-03-28 17:11:58,337 - masks - ERROR: Неправильно введён номер карты: Карта.
2025-03-28 17:11:58,339 - masks - ERROR: Неправильно введён номер карты: Карта.
2025-03-28 17:11:58,340 - masks - ERROR: Неправильно введён номер счета: Счёт.
2025-03-28 17:11:58,341 - masks - ERROR: Неправильно введён номер счета: Счет.
